\BOOKMARK [0][-]{chapter.1}{Introdu\347\343o}{}% 1
\BOOKMARK [1][-]{section.1.1}{Apresenta\347\343o}{chapter.1}% 2
\BOOKMARK [1][-]{section.1.2}{Objetivo}{chapter.1}% 3
\BOOKMARK [1][-]{section.1.3}{Justificativa}{chapter.1}% 4
\BOOKMARK [1][-]{section.1.4}{Hip\363tese}{chapter.1}% 5
\BOOKMARK [1][-]{section.1.5}{Metodologia}{chapter.1}% 6
\BOOKMARK [1][-]{section.1.6}{Organiza\347\343o da disserta\347\343o}{chapter.1}% 7
\BOOKMARK [0][-]{chapter.2}{Referencial Te\363rico}{}% 8
\BOOKMARK [1][-]{section.2.1}{Histograma orientado a gradientes}{chapter.2}% 9
\BOOKMARK [2][-]{subsection.2.1.1}{Normaliza\347\343o Gamma/Cor}{section.2.1}% 10
\BOOKMARK [2][-]{subsection.2.1.2}{Gradientes}{section.2.1}% 11
\BOOKMARK [2][-]{subsection.2.1.3}{C\341lculo dos histogramas}{section.2.1}% 12
\BOOKMARK [2][-]{subsection.2.1.4}{Normaliza\347\343o em blocos}{section.2.1}% 13
\BOOKMARK [1][-]{section.2.2}{Estado da arte}{chapter.2}% 14
\BOOKMARK [0][-]{chapter.3}{Pesquisa}{}% 15
\BOOKMARK [1][-]{section.3.1}{Especifica\347\343o da base de pesquisa}{chapter.3}% 16
\BOOKMARK [2][-]{subsection.3.1.1}{Constru\347\343o da c\342mera infra vermelha}{section.3.1}% 17
\BOOKMARK [2][-]{subsection.3.1.2}{Elabora\347\343o da base de dados}{section.3.1}% 18
\BOOKMARK [1][-]{section.3.2}{Desenvolvimento da Pesquisa}{chapter.3}% 19
\BOOKMARK [2][-]{subsection.3.2.1}{Implementa\347\343o do HOG}{section.3.2}% 20
\BOOKMARK [2][-]{subsection.3.2.2}{Resultados}{section.3.2}% 21
\BOOKMARK [0][-]{chapter.4}{Discuss\343o}{}% 22
\BOOKMARK [0][-]{chapter.5}{Conclus\343o}{}% 23
